Warning: Equate pins:  cell sky130_fd_pr__nfet_01v8 is a placeholder, treated as a black box.
Warning: Equate pins:  cell sky130_fd_pr__nfet_01v8 is a placeholder, treated as a black box.

Subcircuit pins:
Circuit 1: sky130_fd_pr__nfet_01v8         |Circuit 2: sky130_fd_pr__nfet_01v8         
-------------------------------------------|-------------------------------------------
1                                          |1                                          
2                                          |2                                          
3                                          |3                                          
4                                          |4                                          
---------------------------------------------------------------------------------------
Cell pin lists are equivalent.
Device classes sky130_fd_pr__nfet_01v8 and sky130_fd_pr__nfet_01v8 are equivalent.
Warning: Equate pins:  cell sky130_fd_pr__pfet_01v8 is a placeholder, treated as a black box.
Warning: Equate pins:  cell sky130_fd_pr__pfet_01v8 is a placeholder, treated as a black box.

Subcircuit pins:
Circuit 1: sky130_fd_pr__pfet_01v8         |Circuit 2: sky130_fd_pr__pfet_01v8         
-------------------------------------------|-------------------------------------------
1                                          |1                                          
2                                          |2                                          
3                                          |3                                          
4                                          |4                                          
---------------------------------------------------------------------------------------
Cell pin lists are equivalent.
Device classes sky130_fd_pr__pfet_01v8 and sky130_fd_pr__pfet_01v8 are equivalent.

Class NmosF29 (0):  Merged 88 parallel devices.
Subcircuit summary:
Circuit 1: NmosF29                         |Circuit 2: current111                      
-------------------------------------------|-------------------------------------------
sky130_fd_pr__nfet_01v8 (30->1)            |sky130_fd_pr__nfet_01v8 (1)                
sky130_fd_pr__pfet_01v8 (60->1)            |sky130_fd_pr__pfet_01v8 (1)                
Number of devices: 2                       |Number of devices: 2                       
Number of nets: 4                          |Number of nets: 4                          
---------------------------------------------------------------------------------------
Circuits match uniquely.
Property errors were found.
Netlists match uniquely.
There were property errors.
sky130_fd_pr__pfet_01v8:1 vs. sky130_fd_pr__pfet_01v8:M1:
 w circuit1: 1200   circuit2: 20   (delta=193%, cutoff=7%)
sky130_fd_pr__nfet_01v8:0 vs. sky130_fd_pr__nfet_01v8:M2:
 w circuit1: 600   circuit2: 20   (delta=187%, cutoff=7%)

Subcircuit pins:
Circuit 1: NmosF29                         |Circuit 2: current111                      
-------------------------------------------|-------------------------------------------
(no pins)                                  |OUT **Mismatch**                           
(no matching pin)                          |VN                                         
(no matching pin)                          |VX                                         
(no matching pin)                          |CKS                                        
---------------------------------------------------------------------------------------
Cell pin lists for NmosF29 and current111 altered to match.
Cells failed matching, or top level cell failed pin matching.
The following cells had property errors:
 NmosF29
